- type: FunctionList
  children:
    - type: FunctionDeclaration
      children:
        - type: Type
          value: "int"
        - type: Identifier
          value: "main"
        - type: ParameterList
        - type: Block
          children:
            - type: Declaration
              children:
                - type: Type
                  value: "int"
                - type: Identifier
                  value: "a"
            - type: Assignment
              children:
                - type: Identifier
                  value: "a"
                - type: TypeCast
                  value: "int"
                  children:
                    - type: FloatLiteral
                      value: "3.14"
            - type: Print
              children:
                - type: Identifier
                  value: "a"
            - type: Print
              children:
                - type: TypeCast
                  value: "float"
                  children:
                    - type: IntLiteral
                      value: "3"
            - type: ReturnStatement
              children:
                - type: IntLiteral
                  value: "0"
